Using pre-set license
Built from '6000.1/staging' branch; Version is '6000.1.4f1 (03270eb687c6) revision 206606'; Using compiler version '194234433'; Build Type 'Release'
OS: 'Windows 11  (10.0.26100) 64bit Professional' Language: 'ko' Physical Memory: 65370 MB
BatchMode: 1, IsHumanControllingUs: 0, StartBugReporterOnCrash: 0, Is64bit: 1, IsPro: 1
Date: 2025-05-28T01:26:17Z

COMMAND LINE ARGUMENTS:
C:\Program Files\Unity\Hub\Editor\6000.1.4f1\Editor\Unity.exe
-adb2
-batchMode
-noUpm
-name
AssetImportWorker0
-projectPath
D:/study/system_luancher/System_Luancher
-logFile
Logs/AssetImportWorker0.log
-srvPort
3863
-job-worker-count
11
-background-job-worker-count
8
-gc-helper-count
1
-name
AssetImport
Successfully changed project path to: D:/study/system_luancher/System_Luancher
D:/study/system_luancher/System_Luancher
[UnityMemory] Configuration Parameters - Can be set up in boot.config
    "memorysetup-allocator-temp-initial-block-size-main=262144"
    "memorysetup-allocator-temp-initial-block-size-worker=262144"
    "memorysetup-bucket-allocator-granularity=16"
    "memorysetup-bucket-allocator-bucket-count=8"
    "memorysetup-bucket-allocator-block-size=33554432"
    "memorysetup-bucket-allocator-block-count=8"
    "memorysetup-main-allocator-block-size=16777216"
    "memorysetup-thread-allocator-block-size=16777216"
    "memorysetup-gfx-main-allocator-block-size=16777216"
    "memorysetup-gfx-thread-allocator-block-size=16777216"
    "memorysetup-cache-allocator-block-size=4194304"
    "memorysetup-typetree-allocator-block-size=2097152"
    "memorysetup-profiler-bucket-allocator-granularity=16"
    "memorysetup-profiler-bucket-allocator-bucket-count=8"
    "memorysetup-profiler-bucket-allocator-block-size=33554432"
    "memorysetup-profiler-bucket-allocator-block-count=8"
    "memorysetup-profiler-allocator-block-size=16777216"
    "memorysetup-profiler-editor-allocator-block-size=1048576"
    "memorysetup-temp-allocator-size-main=16777216"
    "memorysetup-job-temp-allocator-block-size=2097152"
    "memorysetup-job-temp-allocator-block-size-background=1048576"
    "memorysetup-job-temp-allocator-reduction-small-platforms=262144"
    "memorysetup-temp-allocator-size-background-worker=32768"
    "memorysetup-temp-allocator-size-job-worker=262144"
    "memorysetup-temp-allocator-size-preload-manager=33554432"
    "memorysetup-temp-allocator-size-nav-mesh-worker=65536"
    "memorysetup-temp-allocator-size-audio-worker=65536"
    "memorysetup-temp-allocator-size-cloud-worker=32768"
    "memorysetup-temp-allocator-size-gi-baking-worker=262144"
    "memorysetup-temp-allocator-size-gi-baking-worker=262144"
    "memorysetup-temp-allocator-size-gi-baking-worker=262144"
    "memorysetup-temp-allocator-size-gi-baking-worker=262144"
    "memorysetup-temp-allocator-size-gi-baking-worker=262144"
    "memorysetup-temp-allocator-size-gfx=262144"
Player connection [34496]  Target information:

Player connection [34496]  * "[IP] 192.168.219.101 [Port] 0 [Flags] 2 [Guid] 1202294636 [EditorId] 1202294636 [Version] 1048832 [Id] WindowsEditor(7,DESKTOP-350VJGC) [Debug] 1 [PackageName] WindowsEditor [ProjectName] Editor" 

Player connection [34496] Host joined multi-casting on [225.0.0.222:54997]...
Player connection [34496] Host joined alternative multi-casting on [225.0.0.222:34997]...
JobSystem: Creating JobQueue using job-worker-count value 11
Input System module state changed to: Initialized.
[Physics::Module] Initialized fallback backend.
[Physics::Module] Id: 0xdecafbad
Library Redirect Path: Library/
[Physics::Module] Selected backend.
[Physics::Module] Name: PhysX
[Physics::Module] Id: 0xf2b8ea05
[Physics::Module] SDK Version: 4.1.2
[Physics::Module] Integration Version: 1.0.0
[Physics::Module] Threading Mode: Multi-Threaded
Refreshing native plugins compatible for Editor in 4.36 ms, found 4 plugins.
Preloading 0 native plugins for Editor in 0.00 ms.
Initialize engine version: 6000.1.4f1 (03270eb687c6)
[Subsystems] Discovering subsystems at path C:/Program Files/Unity/Hub/Editor/6000.1.4f1/Editor/Data/Resources/UnitySubsystems
[Subsystems] Discovering subsystems at path D:/study/system_luancher/System_Luancher/Assets
GfxDevice: creating device client; kGfxThreadingModeNonThreaded
Direct3D:
    Version:         Direct3D 12 [level 12.1]
    Renderer:        NVIDIA GeForce RTX 5090 (ID=0x2b85)
    Vendor:          NVIDIA
    VRAM:            32101 MB
    App VRAM Budget: 31333 MB
    Driver:          32.0.15.7652
Initialize mono
Mono path[0] = 'C:/Program Files/Unity/Hub/Editor/6000.1.4f1/Editor/Data/Managed'
Mono path[1] = 'C:/Program Files/Unity/Hub/Editor/6000.1.4f1/Editor/Data/MonoBleedingEdge/lib/mono/unityjit-win32'
Mono config path = 'C:/Program Files/Unity/Hub/Editor/6000.1.4f1/Editor/Data/MonoBleedingEdge/etc'
Using monoOptions --debugger-agent=transport=dt_socket,embedding=1,server=y,suspend=n,address=127.0.0.1:56024
Begin MonoManager ReloadAssembly
Registering precompiled unity dll's ...
Register platform support module: C:/Program Files/Unity/Hub/Editor/6000.1.4f1/Editor/Data/PlaybackEngines/WebGLSupport/UnityEditor.WebGL.Extensions.dll
Register platform support module: C:/Program Files/Unity/Hub/Editor/6000.1.4f1/Editor/Data/PlaybackEngines/WindowsStandaloneSupport/UnityEditor.WindowsStandalone.Extensions.dll
Register platform support module: C:/Program Files/Unity/Hub/Editor/6000.1.4f1/Editor/Data/PlaybackEngines/AndroidPlayer/UnityEditor.Android.Extensions.dll
Registered in 0.002050 seconds.
- Loaded All Assemblies, in  0.298 seconds
Native extension for Android target not found
Android Extension - Scanning For ADB Devices 2694 ms
Native extension for WindowsStandalone target not found
Native extension for WebGL target not found
Mono: successfully reloaded assembly
- Finished resetting the current domain, in  2.961 seconds
Domain Reload Profiling: 3258ms
	BeginReloadAssembly (100ms)
		ExecutionOrderSort (0ms)
		DisableScriptedObjects (0ms)
		BackupInstance (0ms)
		ReleaseScriptingObjects (0ms)
		CreateAndSetChildDomain (1ms)
	RebuildCommonClasses (30ms)
	RebuildNativeTypeToScriptingClass (9ms)
	initialDomainReloadingComplete (36ms)
	LoadAllAssembliesAndSetupDomain (122ms)
		LoadAssemblies (97ms)
		RebuildTransferFunctionScriptingTraits (0ms)
		AnalyzeDomain (120ms)
			TypeCache.Refresh (118ms)
				TypeCache.ScanAssembly (110ms)
			BuildScriptInfoCaches (0ms)
			ResolveRequiredComponents (0ms)
	FinalizeReload (2962ms)
		ReleaseScriptCaches (0ms)
		RebuildScriptCaches (0ms)
		SetupLoadedEditorAssemblies (2930ms)
			LogAssemblyErrors (0ms)
			InitializePlatformSupportModulesInManaged (2762ms)
			SetLoadedEditorAssemblies (2ms)
			BeforeProcessingInitializeOnLoad (41ms)
			ProcessInitializeOnLoadAttributes (89ms)
			ProcessInitializeOnLoadMethodAttributes (36ms)
			AfterProcessingInitializeOnLoad (0ms)
			EditorAssembliesLoaded (0ms)
		ExecutionOrderSort2 (0ms)
		AwakeInstancesAfterBackupRestoration (0ms)
========================================================================
Worker process is ready to serve import requests
Import Worker Mode flag is 0x00
Begin MonoManager ReloadAssembly
- Loaded All Assemblies, in  0.607 seconds
Refreshing native plugins compatible for Editor in 2.10 ms, found 4 plugins.
Native extension for Android target not found
Native extension for WindowsStandalone target not found
Native extension for WebGL target not found
Mono: successfully reloaded assembly
Package Manager log level set to [2]
[Package Manager] Failed to launch server process. Reason: Unity was launched with the -noUpm command-line argument
[Package Manager] Unable to send message (not connected to server process).
[Package Manager] Cannot connect to Unity Package Manager local server
[Package Manager] Failed to launch server process. Reason: Unity was launched with the -noUpm command-line argument
[Package Manager] Unable to send message (not connected to server process).
[Package Manager] Cannot connect to Unity Package Manager local server
- Finished resetting the current domain, in  0.593 seconds
Domain Reload Profiling: 1197ms
	BeginReloadAssembly (133ms)
		ExecutionOrderSort (0ms)
		DisableScriptedObjects (4ms)
		BackupInstance (0ms)
		ReleaseScriptingObjects (0ms)
		CreateAndSetChildDomain (19ms)
	RebuildCommonClasses (24ms)
	RebuildNativeTypeToScriptingClass (7ms)
	initialDomainReloadingComplete (28ms)
	LoadAllAssembliesAndSetupDomain (412ms)
		LoadAssemblies (285ms)
		RebuildTransferFunctionScriptingTraits (0ms)
		AnalyzeDomain (209ms)
			TypeCache.Refresh (151ms)
				TypeCache.ScanAssembly (136ms)
			BuildScriptInfoCaches (47ms)
			ResolveRequiredComponents (8ms)
	FinalizeReload (593ms)
		ReleaseScriptCaches (0ms)
		RebuildScriptCaches (0ms)
		SetupLoadedEditorAssemblies (486ms)
			LogAssemblyErrors (0ms)
			InitializePlatformSupportModulesInManaged (10ms)
			SetLoadedEditorAssemblies (4ms)
			BeforeProcessingInitializeOnLoad (89ms)
			ProcessInitializeOnLoadAttributes (279ms)
			ProcessInitializeOnLoadMethodAttributes (98ms)
			AfterProcessingInitializeOnLoad (6ms)
			EditorAssembliesLoaded (0ms)
		ExecutionOrderSort2 (0ms)
		AwakeInstancesAfterBackupRestoration (5ms)
Launched and connected shader compiler UnityShaderCompiler.exe after 0.02 seconds
Refreshing native plugins compatible for Editor in 1.69 ms, found 4 plugins.
Preloading 0 native plugins for Editor in 0.00 ms.
Unloading 217 Unused Serialized files (Serialized files now loaded: 0)
Unloading 6916 unused Assets / (6.2 MB). Loaded Objects now: 7573.
Memory consumption went from 174.4 MB to 168.3 MB.
Total: 8.312300 ms (FindLiveObjects: 0.513700 ms CreateObjectMapping: 0.415000 ms MarkObjects: 4.249900 ms  DeleteObjects: 3.132100 ms)

========================================================================
Received Import Request.
  Time since last request: 9397.986947 seconds.
  path: Assets/InputSystem_Actions.inputactions
  artifactKey: Guid(2bcd2660ca9b64942af0de543d8d7100) Importer(815301076,1909f56bfc062723c751e8b465ee728b)
Start importing Assets/InputSystem_Actions.inputactions using Guid(2bcd2660ca9b64942af0de543d8d7100) Importer(815301076,1909f56bfc062723c751e8b465ee728b) (PreviewImporter) -> (artifact id: '1526cf67c1d1aaa9a72597cdbc7bb0b0') in 0.0223175 seconds
Number of updated asset objects reloaded before import = 0Number of asset objects unloaded after import = 19

========================================================================
Received Import Request.
  Time since last request: 0.000013 seconds.
  path: Assets/UniversalRenderPipelineGlobalSettings.asset
  artifactKey: Guid(93b439a37f63240aca3dd4e01d978a9f) Importer(815301076,1909f56bfc062723c751e8b465ee728b)
Start importing Assets/UniversalRenderPipelineGlobalSettings.asset using Guid(93b439a37f63240aca3dd4e01d978a9f) Importer(815301076,1909f56bfc062723c751e8b465ee728b) (PreviewImporter) -> (artifact id: 'd9ab03b3567d0c764448a41fc51b5c15') in 0.000772 seconds
Number of updated asset objects reloaded before import = 0Number of asset objects unloaded after import = 0

========================================================================
Received Prepare
Refreshing native plugins compatible for Editor in 1.90 ms, found 4 plugins.
Preloading 0 native plugins for Editor in 0.00 ms.
Unloading 36 Unused Serialized files (Serialized files now loaded: 0)
Unloading 36 unused Assets / (3.6 MB). Loaded Objects now: 7576.
Memory consumption went from 139.6 MB to 136.0 MB.
Total: 4.753700 ms (FindLiveObjects: 0.246400 ms CreateObjectMapping: 0.108600 ms MarkObjects: 3.217600 ms  DeleteObjects: 1.180300 ms)

Prepare: number of updated asset objects reloaded= 160
AssetImportParameters requested are different than current active one (requested -> active):
0x00007ffbd535f41e (Unity) StackWalker::ShowCallstack
0x00007ffbd536ec69 (Unity) PlatformStacktrace::GetStacktrace
0x00007ffbd65b2ede (Unity) Stacktrace::GetStacktrace
0x00007ffbd6b52a2f (Unity) DebugStringToFile
0x00007ffbd67b317e (Unity) VerifyAssetImportParametersConsistency
0x00007ffbd6782241 (Unity) <lambda_55e409fceb4775b6a20d302ccfd3743f>::operator()
0x00007ffbd686550f (Unity) asio::detail::completion_handler<core::mutable_function<void __cdecl(void)>,asio::io_context::basic_executor_type<std::allocator<void>,0> >::do_complete
0x00007ffbd6852c11 (Unity) asio::detail::win_iocp_io_context::do_one
0x00007ffbd6853f54 (Unity) asio::detail::win_iocp_io_context::run
0x00007ffbd6863b4c (Unity) IOService::Run
0x00007ffbd67ad368 (Unity) RunAssetImportWorkerClientV2
0x00007ffbd67ad42b (Unity) RunAssetImporterV2
0x00007ffbd5fd82fb (Unity) Application::InitializeProject
0x00007ffbd65befc3 (Unity) UnityMain
0x00007ff711fe2f2a (Unity) __scrt_common_main_seh
0x00007ffcab5fe8d7 (KERNEL32) BaseThreadInitThunk
0x00007ffcac61c5dc (ntdll) RtlUserThreadStart

  buildTarget: platform 13, subtarget 0, extendedPlatform 0 -> platform 19, subtarget 2, extendedPlatform 0
0x00007ffbd535f41e (Unity) StackWalker::ShowCallstack
0x00007ffbd536ec69 (Unity) PlatformStacktrace::GetStacktrace
0x00007ffbd65b2ede (Unity) Stacktrace::GetStacktrace
0x00007ffbd6b52a2f (Unity) DebugStringToFile
0x00007ffbd67b3253 (Unity) VerifyAssetImportParametersConsistency
0x00007ffbd6782241 (Unity) <lambda_55e409fceb4775b6a20d302ccfd3743f>::operator()
0x00007ffbd686550f (Unity) asio::detail::completion_handler<core::mutable_function<void __cdecl(void)>,asio::io_context::basic_executor_type<std::allocator<void>,0> >::do_complete
0x00007ffbd6852c11 (Unity) asio::detail::win_iocp_io_context::do_one
0x00007ffbd6853f54 (Unity) asio::detail::win_iocp_io_context::run
0x00007ffbd6863b4c (Unity) IOService::Run
0x00007ffbd67ad368 (Unity) RunAssetImportWorkerClientV2
0x00007ffbd67ad42b (Unity) RunAssetImporterV2
0x00007ffbd5fd82fb (Unity) Application::InitializeProject
0x00007ffbd65befc3 (Unity) UnityMain
0x00007ff711fe2f2a (Unity) __scrt_common_main_seh
0x00007ffcab5fe8d7 (KERNEL32) BaseThreadInitThunk
0x00007ffcac61c5dc (ntdll) RtlUserThreadStart

  graphicsApiMask: 2099200 -> 262148
0x00007ffbd535f41e (Unity) StackWalker::ShowCallstack
0x00007ffbd536ec69 (Unity) PlatformStacktrace::GetStacktrace
0x00007ffbd65b2ede (Unity) Stacktrace::GetStacktrace
0x00007ffbd6b52a2f (Unity) DebugStringToFile
0x00007ffbd67b3253 (Unity) VerifyAssetImportParametersConsistency
0x00007ffbd6782241 (Unity) <lambda_55e409fceb4775b6a20d302ccfd3743f>::operator()
0x00007ffbd686550f (Unity) asio::detail::completion_handler<core::mutable_function<void __cdecl(void)>,asio::io_context::basic_executor_type<std::allocator<void>,0> >::do_complete
0x00007ffbd6852c11 (Unity) asio::detail::win_iocp_io_context::do_one
0x00007ffbd6853f54 (Unity) asio::detail::win_iocp_io_context::run
0x00007ffbd6863b4c (Unity) IOService::Run
0x00007ffbd67ad368 (Unity) RunAssetImportWorkerClientV2
0x00007ffbd67ad42b (Unity) RunAssetImporterV2
0x00007ffbd5fd82fb (Unity) Application::InitializeProject
0x00007ffbd65befc3 (Unity) UnityMain
0x00007ff711fe2f2a (Unity) __scrt_common_main_seh
0x00007ffcab5fe8d7 (KERNEL32) BaseThreadInitThunk
0x00007ffcac61c5dc (ntdll) RtlUserThreadStart

========================================================================
Received Prepare
Refreshing native plugins compatible for Editor in 1.86 ms, found 4 plugins.
Preloading 0 native plugins for Editor in 0.00 ms.
Unloading 36 Unused Serialized files (Serialized files now loaded: 0)
Unloading 36 unused Assets / (3.6 MB). Loaded Objects now: 7576.
Memory consumption went from 139.8 MB to 136.3 MB.
Total: 4.379400 ms (FindLiveObjects: 0.276800 ms CreateObjectMapping: 0.131600 ms MarkObjects: 3.324900 ms  DeleteObjects: 0.645100 ms)

Prepare: number of updated asset objects reloaded= 0
AssetImportParameters requested are different than current active one (requested -> active):
0x00007ffbd535f41e (Unity) StackWalker::ShowCallstack
0x00007ffbd536ec69 (Unity) PlatformStacktrace::GetStacktrace
0x00007ffbd65b2ede (Unity) Stacktrace::GetStacktrace
0x00007ffbd6b52a2f (Unity) DebugStringToFile
0x00007ffbd67b317e (Unity) VerifyAssetImportParametersConsistency
0x00007ffbd6782241 (Unity) <lambda_55e409fceb4775b6a20d302ccfd3743f>::operator()
0x00007ffbd686550f (Unity) asio::detail::completion_handler<core::mutable_function<void __cdecl(void)>,asio::io_context::basic_executor_type<std::allocator<void>,0> >::do_complete
0x00007ffbd6852c11 (Unity) asio::detail::win_iocp_io_context::do_one
0x00007ffbd6853f54 (Unity) asio::detail::win_iocp_io_context::run
0x00007ffbd6863b4c (Unity) IOService::Run
0x00007ffbd67ad368 (Unity) RunAssetImportWorkerClientV2
0x00007ffbd67ad42b (Unity) RunAssetImporterV2
0x00007ffbd5fd82fb (Unity) Application::InitializeProject
0x00007ffbd65befc3 (Unity) UnityMain
0x00007ff711fe2f2a (Unity) __scrt_common_main_seh
0x00007ffcab5fe8d7 (KERNEL32) BaseThreadInitThunk
0x00007ffcac61c5dc (ntdll) RtlUserThreadStart

  buildTarget: platform 13, subtarget 0, extendedPlatform 0 -> platform 19, subtarget 2, extendedPlatform 0
0x00007ffbd535f41e (Unity) StackWalker::ShowCallstack
0x00007ffbd536ec69 (Unity) PlatformStacktrace::GetStacktrace
0x00007ffbd65b2ede (Unity) Stacktrace::GetStacktrace
0x00007ffbd6b52a2f (Unity) DebugStringToFile
0x00007ffbd67b3253 (Unity) VerifyAssetImportParametersConsistency
0x00007ffbd6782241 (Unity) <lambda_55e409fceb4775b6a20d302ccfd3743f>::operator()
0x00007ffbd686550f (Unity) asio::detail::completion_handler<core::mutable_function<void __cdecl(void)>,asio::io_context::basic_executor_type<std::allocator<void>,0> >::do_complete
0x00007ffbd6852c11 (Unity) asio::detail::win_iocp_io_context::do_one
0x00007ffbd6853f54 (Unity) asio::detail::win_iocp_io_context::run
0x00007ffbd6863b4c (Unity) IOService::Run
0x00007ffbd67ad368 (Unity) RunAssetImportWorkerClientV2
0x00007ffbd67ad42b (Unity) RunAssetImporterV2
0x00007ffbd5fd82fb (Unity) Application::InitializeProject
0x00007ffbd65befc3 (Unity) UnityMain
0x00007ff711fe2f2a (Unity) __scrt_common_main_seh
0x00007ffcab5fe8d7 (KERNEL32) BaseThreadInitThunk
0x00007ffcac61c5dc (ntdll) RtlUserThreadStart

  graphicsApiMask: 2099200 -> 262148
0x00007ffbd535f41e (Unity) StackWalker::ShowCallstack
0x00007ffbd536ec69 (Unity) PlatformStacktrace::GetStacktrace
0x00007ffbd65b2ede (Unity) Stacktrace::GetStacktrace
0x00007ffbd6b52a2f (Unity) DebugStringToFile
0x00007ffbd67b3253 (Unity) VerifyAssetImportParametersConsistency
0x00007ffbd6782241 (Unity) <lambda_55e409fceb4775b6a20d302ccfd3743f>::operator()
0x00007ffbd686550f (Unity) asio::detail::completion_handler<core::mutable_function<void __cdecl(void)>,asio::io_context::basic_executor_type<std::allocator<void>,0> >::do_complete
0x00007ffbd6852c11 (Unity) asio::detail::win_iocp_io_context::do_one
0x00007ffbd6853f54 (Unity) asio::detail::win_iocp_io_context::run
0x00007ffbd6863b4c (Unity) IOService::Run
0x00007ffbd67ad368 (Unity) RunAssetImportWorkerClientV2
0x00007ffbd67ad42b (Unity) RunAssetImporterV2
0x00007ffbd5fd82fb (Unity) Application::InitializeProject
0x00007ffbd65befc3 (Unity) UnityMain
0x00007ff711fe2f2a (Unity) __scrt_common_main_seh
0x00007ffcab5fe8d7 (KERNEL32) BaseThreadInitThunk
0x00007ffcac61c5dc (ntdll) RtlUserThreadStart

========================================================================
Received Prepare
Begin MonoManager ReloadAssembly
- Loaded All Assemblies, in  0.727 seconds
Refreshing native plugins compatible for Editor in 2.23 ms, found 4 plugins.
Native extension for Android target not found
Native extension for WindowsStandalone target not found
Native extension for WebGL target not found
Mono: successfully reloaded assembly
[Package Manager] Failed to launch server process. Reason: Unity was launched with the -noUpm command-line argument
[Package Manager] Unable to send message (not connected to server process).
[Package Manager] Cannot connect to Unity Package Manager local server
- Finished resetting the current domain, in  0.495 seconds
Domain Reload Profiling: 1221ms
	BeginReloadAssembly (198ms)
		ExecutionOrderSort (0ms)
		DisableScriptedObjects (12ms)
		BackupInstance (0ms)
		ReleaseScriptingObjects (0ms)
		CreateAndSetChildDomain (42ms)
	RebuildCommonClasses (39ms)
	RebuildNativeTypeToScriptingClass (12ms)
	initialDomainReloadingComplete (28ms)
	LoadAllAssembliesAndSetupDomain (448ms)
		LoadAssemblies (318ms)
		RebuildTransferFunctionScriptingTraits (0ms)
		AnalyzeDomain (231ms)
			TypeCache.Refresh (116ms)
				TypeCache.ScanAssembly (106ms)
			BuildScriptInfoCaches (107ms)
			ResolveRequiredComponents (6ms)
	FinalizeReload (495ms)
		ReleaseScriptCaches (0ms)
		RebuildScriptCaches (0ms)
		SetupLoadedEditorAssemblies (385ms)
			LogAssemblyErrors (0ms)
			InitializePlatformSupportModulesInManaged (7ms)
			SetLoadedEditorAssemblies (5ms)
			BeforeProcessingInitializeOnLoad (100ms)
			ProcessInitializeOnLoadAttributes (226ms)
			ProcessInitializeOnLoadMethodAttributes (42ms)
			AfterProcessingInitializeOnLoad (5ms)
			EditorAssembliesLoaded (0ms)
		ExecutionOrderSort2 (0ms)
		AwakeInstancesAfterBackupRestoration (9ms)
Refreshing native plugins compatible for Editor in 1.53 ms, found 4 plugins.
Preloading 0 native plugins for Editor in 0.00 ms.
Unloading 36 Unused Serialized files (Serialized files now loaded: 0)
Unloading 6914 unused Assets / (7.1 MB). Loaded Objects now: 7579.
Memory consumption went from 148.3 MB to 141.2 MB.
Total: 5.519800 ms (FindLiveObjects: 0.367500 ms CreateObjectMapping: 0.213900 ms MarkObjects: 2.951300 ms  DeleteObjects: 1.986400 ms)

Prepare: number of updated asset objects reloaded= 0
AssetImportParameters requested are different than current active one (requested -> active):
0x00007ffbd535f41e (Unity) StackWalker::ShowCallstack
0x00007ffbd536ec69 (Unity) PlatformStacktrace::GetStacktrace
0x00007ffbd65b2ede (Unity) Stacktrace::GetStacktrace
0x00007ffbd6b52a2f (Unity) DebugStringToFile
0x00007ffbd67b317e (Unity) VerifyAssetImportParametersConsistency
0x00007ffbd6782241 (Unity) <lambda_55e409fceb4775b6a20d302ccfd3743f>::operator()
0x00007ffbd686550f (Unity) asio::detail::completion_handler<core::mutable_function<void __cdecl(void)>,asio::io_context::basic_executor_type<std::allocator<void>,0> >::do_complete
0x00007ffbd6852c11 (Unity) asio::detail::win_iocp_io_context::do_one
0x00007ffbd6853f54 (Unity) asio::detail::win_iocp_io_context::run
0x00007ffbd6863b4c (Unity) IOService::Run
0x00007ffbd67ad368 (Unity) RunAssetImportWorkerClientV2
0x00007ffbd67ad42b (Unity) RunAssetImporterV2
0x00007ffbd5fd82fb (Unity) Application::InitializeProject
0x00007ffbd65befc3 (Unity) UnityMain
0x00007ff711fe2f2a (Unity) __scrt_common_main_seh
0x00007ffcab5fe8d7 (KERNEL32) BaseThreadInitThunk
0x00007ffcac61c5dc (ntdll) RtlUserThreadStart

  buildTarget: platform 13, subtarget 0, extendedPlatform 0 -> platform 19, subtarget 2, extendedPlatform 0
0x00007ffbd535f41e (Unity) StackWalker::ShowCallstack
0x00007ffbd536ec69 (Unity) PlatformStacktrace::GetStacktrace
0x00007ffbd65b2ede (Unity) Stacktrace::GetStacktrace
0x00007ffbd6b52a2f (Unity) DebugStringToFile
0x00007ffbd67b3253 (Unity) VerifyAssetImportParametersConsistency
0x00007ffbd6782241 (Unity) <lambda_55e409fceb4775b6a20d302ccfd3743f>::operator()
0x00007ffbd686550f (Unity) asio::detail::completion_handler<core::mutable_function<void __cdecl(void)>,asio::io_context::basic_executor_type<std::allocator<void>,0> >::do_complete
0x00007ffbd6852c11 (Unity) asio::detail::win_iocp_io_context::do_one
0x00007ffbd6853f54 (Unity) asio::detail::win_iocp_io_context::run
0x00007ffbd6863b4c (Unity) IOService::Run
0x00007ffbd67ad368 (Unity) RunAssetImportWorkerClientV2
0x00007ffbd67ad42b (Unity) RunAssetImporterV2
0x00007ffbd5fd82fb (Unity) Application::InitializeProject
0x00007ffbd65befc3 (Unity) UnityMain
0x00007ff711fe2f2a (Unity) __scrt_common_main_seh
0x00007ffcab5fe8d7 (KERNEL32) BaseThreadInitThunk
0x00007ffcac61c5dc (ntdll) RtlUserThreadStart

  graphicsApiMask: 2099200 -> 262148
0x00007ffbd535f41e (Unity) StackWalker::ShowCallstack
0x00007ffbd536ec69 (Unity) PlatformStacktrace::GetStacktrace
0x00007ffbd65b2ede (Unity) Stacktrace::GetStacktrace
0x00007ffbd6b52a2f (Unity) DebugStringToFile
0x00007ffbd67b3253 (Unity) VerifyAssetImportParametersConsistency
0x00007ffbd6782241 (Unity) <lambda_55e409fceb4775b6a20d302ccfd3743f>::operator()
0x00007ffbd686550f (Unity) asio::detail::completion_handler<core::mutable_function<void __cdecl(void)>,asio::io_context::basic_executor_type<std::allocator<void>,0> >::do_complete
0x00007ffbd6852c11 (Unity) asio::detail::win_iocp_io_context::do_one
0x00007ffbd6853f54 (Unity) asio::detail::win_iocp_io_context::run
0x00007ffbd6863b4c (Unity) IOService::Run
0x00007ffbd67ad368 (Unity) RunAssetImportWorkerClientV2
0x00007ffbd67ad42b (Unity) RunAssetImporterV2
0x00007ffbd5fd82fb (Unity) Application::InitializeProject
0x00007ffbd65befc3 (Unity) UnityMain
0x00007ff711fe2f2a (Unity) __scrt_common_main_seh
0x00007ffcab5fe8d7 (KERNEL32) BaseThreadInitThunk
0x00007ffcac61c5dc (ntdll) RtlUserThreadStart

========================================================================
Received Prepare
Refreshing native plugins compatible for Editor in 2.07 ms, found 4 plugins.
Preloading 0 native plugins for Editor in 0.00 ms.
Unloading 36 Unused Serialized files (Serialized files now loaded: 0)
Unloading 6889 unused Assets / (6.3 MB). Loaded Objects now: 7577.
Memory consumption went from 148.4 MB to 142.2 MB.
Total: 7.369600 ms (FindLiveObjects: 0.373300 ms CreateObjectMapping: 0.223900 ms MarkObjects: 4.295400 ms  DeleteObjects: 2.475800 ms)

Prepare: number of updated asset objects reloaded= 0
========================================================================
Received Prepare
Begin MonoManager ReloadAssembly
- Loaded All Assemblies, in  0.505 seconds
Refreshing native plugins compatible for Editor in 1.61 ms, found 4 plugins.
Native extension for Android target not found
Native extension for WindowsStandalone target not found
Native extension for WebGL target not found
Mono: successfully reloaded assembly
[Package Manager] Failed to launch server process. Reason: Unity was launched with the -noUpm command-line argument
[Package Manager] Unable to send message (not connected to server process).
[Package Manager] Cannot connect to Unity Package Manager local server
- Finished resetting the current domain, in  0.487 seconds
Domain Reload Profiling: 992ms
	BeginReloadAssembly (149ms)
		ExecutionOrderSort (0ms)
		DisableScriptedObjects (9ms)
		BackupInstance (0ms)
		ReleaseScriptingObjects (0ms)
		CreateAndSetChildDomain (34ms)
	RebuildCommonClasses (23ms)
	RebuildNativeTypeToScriptingClass (8ms)
	initialDomainReloadingComplete (18ms)
	LoadAllAssembliesAndSetupDomain (305ms)
		LoadAssemblies (240ms)
		RebuildTransferFunctionScriptingTraits (0ms)
		AnalyzeDomain (132ms)
			TypeCache.Refresh (6ms)
				TypeCache.ScanAssembly (0ms)
			BuildScriptInfoCaches (117ms)
			ResolveRequiredComponents (6ms)
	FinalizeReload (487ms)
		ReleaseScriptCaches (0ms)
		RebuildScriptCaches (0ms)
		SetupLoadedEditorAssemblies (384ms)
			LogAssemblyErrors (0ms)
			InitializePlatformSupportModulesInManaged (9ms)
			SetLoadedEditorAssemblies (3ms)
			BeforeProcessingInitializeOnLoad (84ms)
			ProcessInitializeOnLoadAttributes (247ms)
			ProcessInitializeOnLoadMethodAttributes (37ms)
			AfterProcessingInitializeOnLoad (4ms)
			EditorAssembliesLoaded (0ms)
		ExecutionOrderSort2 (0ms)
		AwakeInstancesAfterBackupRestoration (9ms)
Refreshing native plugins compatible for Editor in 1.54 ms, found 4 plugins.
Preloading 0 native plugins for Editor in 0.00 ms.
Unloading 36 Unused Serialized files (Serialized files now loaded: 0)
Unloading 6912 unused Assets / (7.1 MB). Loaded Objects now: 7579.
Memory consumption went from 150.3 MB to 143.2 MB.
Total: 5.817500 ms (FindLiveObjects: 0.381700 ms CreateObjectMapping: 0.222400 ms MarkObjects: 3.127900 ms  DeleteObjects: 2.084800 ms)

Prepare: number of updated asset objects reloaded= 0
========================================================================
Received Import Request.
  Time since last request: 345.483064 seconds.
  path: Assets
  artifactKey: Guid(00000000000000001000000000000000) Importer(815301076,1909f56bfc062723c751e8b465ee728b)
Start importing Assets using Guid(00000000000000001000000000000000) Importer(815301076,1909f56bfc062723c751e8b465ee728b) (PreviewImporter) -> (artifact id: 'c391582d739b6e62a5220f35cbb167ac') in 0.0026502 seconds
Number of updated asset objects reloaded before import = 0Number of asset objects unloaded after import = 0

========================================================================
Received Import Request.
  Time since last request: 4.156890 seconds.
  path: Assets/Scripts
  artifactKey: Guid(a984ffa0093829145a6edb37b7d6969b) Importer(815301076,1909f56bfc062723c751e8b465ee728b)
Start importing Assets/Scripts using Guid(a984ffa0093829145a6edb37b7d6969b) Importer(815301076,1909f56bfc062723c751e8b465ee728b) (PreviewImporter) -> (artifact id: '724cdbd4f0f0a07924ba3ed1b8a10bd1') in 0.0004555 seconds
Number of updated asset objects reloaded before import = 0Number of asset objects unloaded after import = 0

========================================================================
Received Import Request.
  Time since last request: 14.713763 seconds.
  path: Assets/Resources
  artifactKey: Guid(c0a4ec1b8483b564791a861f1a6f6031) Importer(815301076,1909f56bfc062723c751e8b465ee728b)
Start importing Assets/Resources using Guid(c0a4ec1b8483b564791a861f1a6f6031) Importer(815301076,1909f56bfc062723c751e8b465ee728b) (PreviewImporter) -> (artifact id: 'a8e87c061b687033a1dcf5f347b22a11') in 0.0004501 seconds
Number of updated asset objects reloaded before import = 0Number of asset objects unloaded after import = 0

